Line 56: Class MSDataGridLib.DataGrid of control DataGrid1 was not a loaded control class.
Line 231: Class MSAdodcLib.Adodc of control Adodc1 was not a loaded control class.
Line 57: The property name Bindings in DataGrid1 is invalid.
Line 63: The property name _ExtentX in DataGrid1 is invalid.
Line 64: The property name _ExtentY in DataGrid1 is invalid.
Line 65: The property name _Version in DataGrid1 is invalid.
Line 66: The property name HeadLines in DataGrid1 is invalid.
Line 67: The property name RowHeight in DataGrid1 is invalid.
Line 76: The property name HeadFont in DataGrid1 is invalid.
Line 86: The property name ColumnCount in DataGrid1 is invalid.
Line 99: The property name Column00 in DataGrid1 is invalid.
Line 112: The property name Column01 in DataGrid1 is invalid.
Line 113: The property name SplitCount in DataGrid1 is invalid.
Line 119: The property name Split0 in DataGrid1 is invalid.
Line 236: The property name _ExtentX in Adodc1 is invalid.
Line 237: The property name _ExtentY in Adodc1 is invalid.
Line 238: The property name ConnectMode in Adodc1 is invalid.
Line 239: The property name CursorLocation in Adodc1 is invalid.
Line 240: The property name IsolationLevel in Adodc1 is invalid.
Line 241: The property name ConnectionTimeout in Adodc1 is invalid.
Line 242: The property name CommandTimeout in Adodc1 is invalid.
Line 243: The property name CursorType in Adodc1 is invalid.
Line 244: The property name LockType in Adodc1 is invalid.
Line 245: The property name CommandType in Adodc1 is invalid.
Line 246: The property name CursorOptions in Adodc1 is invalid.
Line 247: The property name CacheSize in Adodc1 is invalid.
Line 248: The property name MaxRecords in Adodc1 is invalid.
Line 249: The property name BOFAction in Adodc1 is invalid.
Line 250: The property name EOFAction in Adodc1 is invalid.
Line 251: The property name ConnectStringType in Adodc1 is invalid.
Line 255: The property name Orientation in Adodc1 is invalid.
Line 257: The property name Connect in Adodc1 is invalid.
Line 258: The property name OLEDBString in Adodc1 is invalid.
Line 259: The property name OLEDBFile in Adodc1 is invalid.
Line 260: The property name DataSourceName in Adodc1 is invalid.
Line 261: The property name OtherAttributes in Adodc1 is invalid.
Line 262: The property name UserName in Adodc1 is invalid.
Line 263: The property name Password in Adodc1 is invalid.
Line 264: The property name RecordSource in Adodc1 is invalid.
Line 265: The property name Caption in Adodc1 is invalid.
Line 275: The property name _Version in Adodc1 is invalid.
